[30/Mar/2022:17:28:59] (I): WordPress Instance Info:
[30/Mar/2022:17:28:59] (I): Home URL : http://localhost/gureTabadul/public/shop
[30/Mar/2022:17:28:59] (I): Site URL : http://localhost/gureTabadul/public/shop
[30/Mar/2022:17:28:59] (I): WordPress Version : 5.9.2
[30/Mar/2022:17:28:59] (I): Onboarding Version : 1.1.21
[30/Mar/2022:17:28:59] (I): Multisite : No
[30/Mar/2022:17:28:59] (I): Server Info : Apache
[30/Mar/2022:17:28:59] (I): PHP Version : 7.4.5
[30/Mar/2022:17:28:59] (I): HTTPS : No
[30/Mar/2022:17:28:59] (I): PHP Max Execution Time : 30
[30/Mar/2022:17:28:59] (I): PHP Max Input Vars : 1000
[30/Mar/2022:17:28:59] (I): Max Upload Size : 8388608
[30/Mar/2022:17:28:59] (I): Plugins:
[30/Mar/2022:17:28:59] (I): [PLUGIN] Templates Patterns Collection : v1.1.21 (ThemeIsle)
[30/Mar/2022:17:28:59] (I): [PLUGIN] WooCommerce : v6.3.1 (Automattic)
[30/Mar/2022:17:28:59] (P): Saving remote XML
[30/Mar/2022:17:28:59] (S): Saved remote XML at path E:\UniServerZ\www\gureTabadul\public\shop/wp-content/uploads/themeisle-demo-import.xml.
[30/Mar/2022:17:28:59] (P): Starting content import...
[30/Mar/2022:17:28:59] (S): Import started.
[30/Mar/2022:17:28:59] (S): Parsing XML file.
[30/Mar/2022:17:28:59] (P): Starting parsing file:E:\UniServerZ\www\gureTabadul\public\shop/wp-content/uploads/themeisle-demo-import.xml
[30/Mar/2022:17:28:59] (P): Using WXR_Parser_SimpleXML...
[30/Mar/2022:17:28:59] (S): Parsed XML
[30/Mar/2022:17:28:59] (P): Processing categories...
[30/Mar/2022:17:29:00] (S): Processed categories.
[30/Mar/2022:17:29:00] (P): Processing tags...
[30/Mar/2022:17:29:00] (S): No tags to process.
[30/Mar/2022:17:29:00] (P): Processing terms...
[30/Mar/2022:17:29:00] (W): Failed to import tcb_symbols_tax Footers
[30/Mar/2022:17:29:00] (E): Taxonomía no válida.
[30/Mar/2022:17:29:00] (W): Failed to import tcb_symbols_tax Headers
[30/Mar/2022:17:29:00] (E): Taxonomía no válida.
[30/Mar/2022:17:29:00] (S): Processed terms.
[30/Mar/2022:17:29:00] (P): Processing posts...
[30/Mar/2022:17:29:00] (P): Processing attachment: https://s33834.pcdn.co/web-agency-gb/wp-content/uploads/sites/422/2020/01/neve-webdesign-GB-01.png...
[30/Mar/2022:17:29:00] (P): Fetching attachment from url: https://s33834.pcdn.co/web-agency-gb/wp-content/uploads/sites/422/2020/01/neve-webdesign-GB-01.png...
[30/Mar/2022:17:29:00] (S): Fetched remote attachment.
[30/Mar/2022:17:29:00] (P): Inserting attachment...
[30/Mar/2022:17:29:01] (S): Attachment inserted
[30/Mar/2022:17:29:01] (S): Processed attachment.
[30/Mar/2022:17:29:01] (P): Processing attachment: https://s33834.pcdn.co/web-agency-gb/wp-content/uploads/sites/422/2020/01/neve-webdesign-GB-03.png...
[30/Mar/2022:17:29:01] (P): Fetching attachment from url: https://s33834.pcdn.co/web-agency-gb/wp-content/uploads/sites/422/2020/01/neve-webdesign-GB-03.png...
[30/Mar/2022:17:29:01] (S): Fetched remote attachment.
[30/Mar/2022:17:29:01] (P): Inserting attachment...
[30/Mar/2022:17:29:01] (S): Attachment inserted
[30/Mar/2022:17:29:01] (S): Processed attachment.
[30/Mar/2022:17:29:01] (P): Processing attachment: https://s33834.pcdn.co/web-agency-gb/wp-content/uploads/sites/422/2020/01/neve-webdesign-GB-04.png...
[30/Mar/2022:17:29:01] (P): Fetching attachment from url: https://s33834.pcdn.co/web-agency-gb/wp-content/uploads/sites/422/2020/01/neve-webdesign-GB-04.png...
[30/Mar/2022:17:29:01] (S): Fetched remote attachment.
[30/Mar/2022:17:29:01] (P): Inserting attachment...
[30/Mar/2022:17:29:02] (S): Attachment inserted
[30/Mar/2022:17:29:02] (S): Processed attachment.
[30/Mar/2022:17:29:02] (P): Processing attachment: https://s33834.pcdn.co/web-agency-gb/wp-content/uploads/sites/422/2020/01/neve-web-design-bg-08.jpg...
[30/Mar/2022:17:29:02] (P): Fetching attachment from url: https://s33834.pcdn.co/web-agency-gb/wp-content/uploads/sites/422/2020/01/neve-web-design-bg-08.jpg...
[30/Mar/2022:17:29:02] (S): Fetched remote attachment.
[30/Mar/2022:17:29:02] (P): Inserting attachment...
[30/Mar/2022:17:29:02] (S): Attachment inserted
[30/Mar/2022:17:29:03] (S): Processed attachment.
[30/Mar/2022:17:29:03] (P): Processing attachment: https://s33834.pcdn.co/web-agency-gb/wp-content/uploads/sites/422/2020/01/neve-web-design-bg-09.jpg...
[30/Mar/2022:17:29:03] (P): Fetching attachment from url: https://s33834.pcdn.co/web-agency-gb/wp-content/uploads/sites/422/2020/01/neve-web-design-bg-09.jpg...
[30/Mar/2022:17:29:03] (S): Fetched remote attachment.
[30/Mar/2022:17:29:03] (P): Inserting attachment...
[30/Mar/2022:17:29:03] (S): Attachment inserted
[30/Mar/2022:17:29:03] (S): Processed attachment.
[30/Mar/2022:17:29:03] (P): Processing attachment: https://s33834.pcdn.co/web-agency-gb/wp-content/uploads/sites/422/2020/01/neve-web-design-bg-10.jpg...
[30/Mar/2022:17:29:03] (P): Fetching attachment from url: https://s33834.pcdn.co/web-agency-gb/wp-content/uploads/sites/422/2020/01/neve-web-design-bg-10.jpg...
[30/Mar/2022:17:29:04] (S): Fetched remote attachment.
[30/Mar/2022:17:29:04] (P): Inserting attachment...
[30/Mar/2022:17:29:04] (S): Attachment inserted
[30/Mar/2022:17:29:04] (S): Processed attachment.
[30/Mar/2022:17:29:04] (P): Processing attachment: https://s33834.pcdn.co/web-agency-gb/wp-content/uploads/sites/422/2020/01/neve-web-design-bg-11.jpg...
[30/Mar/2022:17:29:04] (P): Fetching attachment from url: https://s33834.pcdn.co/web-agency-gb/wp-content/uploads/sites/422/2020/01/neve-web-design-bg-11.jpg...
[30/Mar/2022:17:29:04] (S): Fetched remote attachment.
[30/Mar/2022:17:29:04] (P): Inserting attachment...
[30/Mar/2022:17:29:04] (S): Attachment inserted
[30/Mar/2022:17:29:04] (S): Processed attachment.
[30/Mar/2022:17:29:05] (P): Processing attachment: https://s33834.pcdn.co/web-agency-gb/wp-content/uploads/sites/422/2020/01/neve-web-design-bg-12.jpg...
[30/Mar/2022:17:29:05] (P): Fetching attachment from url: https://s33834.pcdn.co/web-agency-gb/wp-content/uploads/sites/422/2020/01/neve-web-design-bg-12.jpg...
[30/Mar/2022:17:29:05] (S): Fetched remote attachment.
[30/Mar/2022:17:29:05] (P): Inserting attachment...
[30/Mar/2022:17:29:05] (S): Attachment inserted
[30/Mar/2022:17:29:05] (S): Processed attachment.
[30/Mar/2022:17:29:05] (P): Processing attachment: https://s33834.pcdn.co/web-agency-gb/wp-content/uploads/sites/422/2020/01/neve-web-design-bg-13.jpg...
[30/Mar/2022:17:29:05] (P): Fetching attachment from url: https://s33834.pcdn.co/web-agency-gb/wp-content/uploads/sites/422/2020/01/neve-web-design-bg-13.jpg...
[30/Mar/2022:17:29:05] (S): Fetched remote attachment.
[30/Mar/2022:17:29:05] (P): Inserting attachment...
[30/Mar/2022:17:29:06] (S): Attachment inserted
[30/Mar/2022:17:29:06] (S): Processed attachment.
[30/Mar/2022:17:29:06] (P): Processing attachment: https://s33834.pcdn.co/web-agency-gb/wp-content/uploads/sites/422/2020/01/neve-web-design-bg-14.jpg...
[30/Mar/2022:17:29:06] (P): Fetching attachment from url: https://s33834.pcdn.co/web-agency-gb/wp-content/uploads/sites/422/2020/01/neve-web-design-bg-14.jpg...
[30/Mar/2022:17:29:06] (S): Fetched remote attachment.
[30/Mar/2022:17:29:06] (P): Inserting attachment...
[30/Mar/2022:17:29:06] (S): Attachment inserted
[30/Mar/2022:17:29:06] (S): Processed attachment.
[30/Mar/2022:17:29:06] (P): Processing attachment: https://s33834.pcdn.co/web-agency-gb/wp-content/uploads/sites/422/2020/01/neve-web-design-bg-15.jpg...
[30/Mar/2022:17:29:06] (P): Fetching attachment from url: https://s33834.pcdn.co/web-agency-gb/wp-content/uploads/sites/422/2020/01/neve-web-design-bg-15.jpg...
[30/Mar/2022:17:29:07] (S): Fetched remote attachment.
[30/Mar/2022:17:29:07] (P): Inserting attachment...
[30/Mar/2022:17:29:07] (S): Attachment inserted
[30/Mar/2022:17:29:07] (S): Processed attachment.
[30/Mar/2022:17:29:07] (P): Processing attachment: https://s33834.pcdn.co/web-agency-gb/wp-content/uploads/sites/422/2020/06/cropped-web-agency-icon.png...
[30/Mar/2022:17:29:07] (P): Fetching attachment from url: https://s33834.pcdn.co/web-agency-gb/wp-content/uploads/sites/422/2020/06/cropped-web-agency-icon.png...
[30/Mar/2022:17:29:07] (S): Fetched remote attachment.
[30/Mar/2022:17:29:07] (P): Inserting attachment...
[30/Mar/2022:17:29:07] (S): Attachment inserted
[30/Mar/2022:17:29:07] (S): Processed attachment.
[30/Mar/2022:17:29:08] (P): Processing attachment: https://s33834.pcdn.co/web-agency-gb/wp-content/uploads/sites/422/2020/07/web-design-studio-01.jpg.jpg...
[30/Mar/2022:17:29:08] (P): Fetching attachment from url: https://s33834.pcdn.co/web-agency-gb/wp-content/uploads/sites/422/2020/07/web-design-studio-01.jpg.jpg...
[30/Mar/2022:17:29:08] (S): Fetched remote attachment.
[30/Mar/2022:17:29:08] (P): Inserting attachment...
[30/Mar/2022:17:29:08] (S): Attachment inserted
[30/Mar/2022:17:29:08] (S): Processed attachment.
[30/Mar/2022:17:29:08] (P): Processing attachment: https://s33834.pcdn.co/web-agency-gb/wp-content/uploads/sites/422/2020/12/web-agency-logo-3.png...
[30/Mar/2022:17:29:08] (P): Fetching attachment from url: https://s33834.pcdn.co/web-agency-gb/wp-content/uploads/sites/422/2020/12/web-agency-logo-3.png...
[30/Mar/2022:17:29:08] (S): Fetched remote attachment.
[30/Mar/2022:17:29:08] (P): Inserting attachment...
[30/Mar/2022:17:29:08] (S): Attachment inserted
[30/Mar/2022:17:29:09] (S): Processed attachment.
[30/Mar/2022:17:29:09] (P): Processing attachment: https://s33834.pcdn.co/web-agency-gb/wp-content/uploads/sites/422/2020/12/neve-web-design-studio-02.1.jpg...
[30/Mar/2022:17:29:09] (P): Fetching attachment from url: https://s33834.pcdn.co/web-agency-gb/wp-content/uploads/sites/422/2020/12/neve-web-design-studio-02.1.jpg...
[30/Mar/2022:17:29:09] (S): Fetched remote attachment.
[30/Mar/2022:17:29:09] (P): Inserting attachment...
[30/Mar/2022:17:29:09] (S): Attachment inserted
[30/Mar/2022:17:29:09] (S): Processed attachment.
[30/Mar/2022:17:29:09] (P): Processing attachment: https://s33834.pcdn.co/web-agency-gb/wp-content/uploads/sites/422/2020/12/neve-web-design-studio-03.1.jpg...
[30/Mar/2022:17:29:09] (P): Fetching attachment from url: https://s33834.pcdn.co/web-agency-gb/wp-content/uploads/sites/422/2020/12/neve-web-design-studio-03.1.jpg...
[30/Mar/2022:17:29:10] (S): Fetched remote attachment.
[30/Mar/2022:17:29:10] (P): Inserting attachment...
[30/Mar/2022:17:29:10] (S): Attachment inserted
[30/Mar/2022:17:29:10] (S): Processed attachment.
[30/Mar/2022:17:29:10] (P): Processing attachment: https://s33834.pcdn.co/web-agency-gb/wp-content/uploads/sites/422/2020/12/neve-web-design-studio-04.1.jpg...
[30/Mar/2022:17:29:10] (P): Fetching attachment from url: https://s33834.pcdn.co/web-agency-gb/wp-content/uploads/sites/422/2020/12/neve-web-design-studio-04.1.jpg...
[30/Mar/2022:17:29:10] (S): Fetched remote attachment.
[30/Mar/2022:17:29:10] (P): Inserting attachment...
[30/Mar/2022:17:29:10] (S): Attachment inserted
[30/Mar/2022:17:29:11] (S): Processed attachment.
[30/Mar/2022:17:29:11] (P): Processing attachment: https://s33834.pcdn.co/web-agency-gb/wp-content/uploads/sites/422/2020/12/neve-web-design-studio-07.1.png...
[30/Mar/2022:17:29:11] (P): Fetching attachment from url: https://s33834.pcdn.co/web-agency-gb/wp-content/uploads/sites/422/2020/12/neve-web-design-studio-07.1.png...
[30/Mar/2022:17:29:11] (S): Fetched remote attachment.
[30/Mar/2022:17:29:11] (P): Inserting attachment...
[30/Mar/2022:17:29:11] (S): Attachment inserted
[30/Mar/2022:17:29:11] (S): Processed attachment.
[30/Mar/2022:17:29:11] (P): Processing attachment: https://s33834.pcdn.co/web-agency-gb/wp-content/uploads/sites/422/2021/06/phone-sm.png...
[30/Mar/2022:17:29:11] (P): Fetching attachment from url: https://s33834.pcdn.co/web-agency-gb/wp-content/uploads/sites/422/2021/06/phone-sm.png...
[30/Mar/2022:17:29:12] (S): Fetched remote attachment.
[30/Mar/2022:17:29:12] (P): Inserting attachment...
[30/Mar/2022:17:29:12] (S): Attachment inserted
[30/Mar/2022:17:29:12] (S): Processed attachment.
[30/Mar/2022:17:29:12] (P): Processing attachment: https://s33834.pcdn.co/web-agency-gb/wp-content/uploads/sites/422/2021/06/location-sm.png...
[30/Mar/2022:17:29:12] (P): Fetching attachment from url: https://s33834.pcdn.co/web-agency-gb/wp-content/uploads/sites/422/2021/06/location-sm.png...
[30/Mar/2022:17:29:12] (S): Fetched remote attachment.
[30/Mar/2022:17:29:12] (P): Inserting attachment...
[30/Mar/2022:17:29:12] (S): Attachment inserted
[30/Mar/2022:17:29:12] (S): Processed attachment.
[30/Mar/2022:17:29:13] (P): Inserting post: 5 UX Principles for Creating a Great Website .
[30/Mar/2022:17:29:14] (S): Done inserting post: 5 UX Principles for Creating a Great Website .
[30/Mar/2022:17:29:14] (P): Inserting page: News .
[30/Mar/2022:17:29:14] (S): Done inserting page: News .
[30/Mar/2022:17:29:15] (P): Inserting page: Home .
[30/Mar/2022:17:29:15] (S): Done inserting page: Home .
[30/Mar/2022:17:29:17] (P): Processing single menu item ' '...
[30/Mar/2022:17:29:18] (S): Processed single menu item.
[30/Mar/2022:17:29:18] (P): Processing single menu item ' '...
[30/Mar/2022:17:29:19] (S): Processed single menu item.
[30/Mar/2022:17:29:19] (P): Inserting post: Web Design Trends for 2022 .
[30/Mar/2022:17:29:19] (S): Done inserting post: Web Design Trends for 2022 .
[30/Mar/2022:17:29:21] (P): Inserting post: A Simple Guide to Design Thinking .
[30/Mar/2022:17:29:21] (S): Done inserting post: A Simple Guide to Design Thinking .
[30/Mar/2022:17:29:22] (P): Inserting page: About Us .
[30/Mar/2022:17:29:22] (S): Done inserting page: About Us .
[30/Mar/2022:17:29:24] (P): Processing single menu item ' '...
[30/Mar/2022:17:29:26] (S): Processed single menu item.
[30/Mar/2022:17:29:26] (P): Inserting page: Portfolio .
[30/Mar/2022:17:29:26] (S): Done inserting page: Portfolio .
[30/Mar/2022:17:29:28] (P): Inserting page: Portfolio Single .
[30/Mar/2022:17:29:28] (S): Done inserting page: Portfolio Single .
[30/Mar/2022:17:29:31] (P): Processing single menu item ' '...
[30/Mar/2022:17:29:32] (S): Processed single menu item.
[30/Mar/2022:17:29:32] (P): Processing single menu item ' '...
[30/Mar/2022:17:29:33] (S): Processed single menu item.
[30/Mar/2022:17:29:33] (P): Inserting page: Contact Us .
[30/Mar/2022:17:29:34] (S): Done inserting page: Contact Us .
[30/Mar/2022:17:29:35] (P): Processing single menu item ' '...
[30/Mar/2022:17:29:37] (S): Processed single menu item.
[30/Mar/2022:17:29:37] (P): Inserting custom_css: neve .
[30/Mar/2022:17:29:37] (S): Done inserting custom_css: neve .
[30/Mar/2022:17:29:37] (P): Processing attachment: https://s33834.pcdn.co/web-agency-gb/wp-content/uploads/sites/422/2021/06/email-sm.png...
[30/Mar/2022:17:29:37] (P): Fetching attachment from url: https://s33834.pcdn.co/web-agency-gb/wp-content/uploads/sites/422/2021/06/email-sm.png...
[30/Mar/2022:17:29:37] (S): Fetched remote attachment.
[30/Mar/2022:17:29:37] (P): Inserting attachment...
[30/Mar/2022:17:29:37] (S): Attachment inserted
[30/Mar/2022:17:29:37] (S): Processed attachment.
[30/Mar/2022:17:29:38] (P): Inserting post: Best Calligraphy Fonts for Logos .
[30/Mar/2022:17:29:38] (S): Done inserting post: Best Calligraphy Fonts for Logos .
[30/Mar/2022:17:29:39] (P): Inserting post: Knowing Your User. The importance of User Research. .
[30/Mar/2022:17:29:39] (S): Done inserting post: Knowing Your User. The importance of User Research. .
[30/Mar/2022:17:29:40] (P): Inserting post: What is the Progressive Web App (PWA) and how it works? .
[30/Mar/2022:17:29:40] (S): Done inserting post: What is the Progressive Web App (PWA) and how it works? .
[30/Mar/2022:17:29:41] (P): Inserting wp_block: 3 column section .
[30/Mar/2022:17:29:41] (S): Done inserting wp_block: 3 column section .
[30/Mar/2022:17:29:41] (P): Inserting wp_block: Team Social Icons .
[30/Mar/2022:17:29:41] (S): Done inserting wp_block: Team Social Icons .
[30/Mar/2022:17:29:42] (S): Processed posts.
[30/Mar/2022:17:29:44] (P): Cleaning up import with id ...
[30/Mar/2022:17:29:44] (P): Done cleanup. Flushing cache...
[30/Mar/2022:17:29:44] (P): Flushed cache. Removing temporary data..
[30/Mar/2022:17:29:44] (S): Done importing
[30/Mar/2022:17:29:45] (P): Busting elementor cache
[30/Mar/2022:17:29:45] (S): Front page set up with id: 5.
